INFO: [VRFC 10-2263] Analyzing Verilog file "C:/Users/Administrator/Desktop/single-cycle-mips-cpu/single-cycle-mips-cpu/single-cycle-mips-cpu.srcs/sources_1/new/alu.v" into library xil_defaultlib
INFO: [VRFC 10-311] analyzing module alu
INFO: [VRFC 10-2263] Analyzing Verilog file "C:/Users/Administrator/Desktop/single-cycle-mips-cpu/single-cycle-mips-cpu/single-cycle-mips-cpu.srcs/sources_1/new/control_unit.v" into library xil_defaultlib
INFO: [VRFC 10-311] analyzing module control_unit
INFO: [VRFC 10-2263] Analyzing Verilog file "C:/Users/Administrator/Desktop/single-cycle-mips-cpu/single-cycle-mips-cpu/single-cycle-mips-cpu.srcs/sources_1/new/cpu.v" into library xil_defaultlib
INFO: [VRFC 10-311] analyzing module cpu
INFO: [VRFC 10-2263] Analyzing Verilog file "C:/Users/Administrator/Desktop/single-cycle-mips-cpu/single-cycle-mips-cpu/single-cycle-mips-cpu.srcs/sources_1/new/data_mem.v" into library xil_defaultlib
INFO: [VRFC 10-311] analyzing module data_mem
INFO: [VRFC 10-2263] Analyzing Verilog file "C:/Users/Administrator/Desktop/single-cycle-mips-cpu/single-cycle-mips-cpu/single-cycle-mips-cpu.srcs/sources_1/new/ins_mem.v" into library xil_defaultlib
INFO: [VRFC 10-311] analyzing module ins_mem
INFO: [VRFC 10-2263] Analyzing Verilog file "C:/Users/Administrator/Desktop/single-cycle-mips-cpu/single-cycle-mips-cpu/single-cycle-mips-cpu.srcs/sources_1/new/ins_seg.v" into library xil_defaultlib
INFO: [VRFC 10-311] analyzing module ins_seg
INFO: [VRFC 10-2263] Analyzing Verilog file "C:/Users/Administrator/Desktop/single-cycle-mips-cpu/single-cycle-mips-cpu/single-cycle-mips-cpu.srcs/sources_1/new/pc.v" into library xil_defaultlib
INFO: [VRFC 10-311] analyzing module pc
INFO: [VRFC 10-2263] Analyzing Verilog file "C:/Users/Administrator/Desktop/single-cycle-mips-cpu/single-cycle-mips-cpu/single-cycle-mips-cpu.srcs/sources_1/new/pc_adder.v" into library xil_defaultlib
INFO: [VRFC 10-311] analyzing module pc_adder
INFO: [VRFC 10-2263] Analyzing Verilog file "C:/Users/Administrator/Desktop/single-cycle-mips-cpu/single-cycle-mips-cpu/single-cycle-mips-cpu.srcs/sources_1/new/register_file.v" into library xil_defaultlib
INFO: [VRFC 10-311] analyzing module register_file
INFO: [VRFC 10-2263] Analyzing Verilog file "C:/Users/Administrator/Desktop/single-cycle-mips-cpu/single-cycle-mips-cpu/single-cycle-mips-cpu.srcs/sources_1/new/sign_zero_extend.v" into library xil_defaultlib
INFO: [VRFC 10-311] analyzing module sign_zero_extend
INFO: [VRFC 10-2263] Analyzing Verilog file "C:/Users/Administrator/Desktop/single-cycle-mips-cpu/single-cycle-mips-cpu/single-cycle-mips-cpu.srcs/sim_1/new/test_single_cycle_cpu.v" into library xil_defaultlib
INFO: [VRFC 10-311] analyzing module test_single_cycle_cpu
